13:24:22.455 [main] INFO  - Goto my account-->Click on Login.. 
13:24:22.909 [main] INFO  - Entering email and password.. 
13:24:23.755 [main] INFO  - clicked on login button...
13:36:37.289 [main] INFO  - Goto my account-->Click on Login.. 
13:36:37.905 [main] INFO  - Entering email and password.. 
13:36:38.891 [main] INFO  - clicked on login button...
13:37:46.209 [main] INFO  - Goto my account-->Click on Login.. 
13:37:46.790 [main] INFO  - Entering email and password.. 
13:37:47.192 [main] INFO  - clicked on login button...
16:05:54.078 [main] INFO  - Goto my account-->Click on Login.. 
16:05:54.534 [main] INFO  - Entering email and password.. 
16:05:54.853 [main] INFO  - clicked on login button...
11:56:54.489 [main] INFO  - Goto my account-->Click on Login.. 
11:56:54.896 [main] INFO  - Entering email and password.. 
11:57:07.931 [main] INFO  - Goto my account-->Click on Login.. 
11:57:08.531 [main] INFO  - Entering email and password.. 
12:00:13.657 [main] INFO  - Goto my account-->Click on Login.. 
12:00:14.051 [main] INFO  - Entering email and password.. 
12:00:25.816 [main] INFO  - Goto my account-->Click on Login.. 
12:00:26.470 [main] INFO  - Entering email and password.. 
12:32:08.810 [main] INFO  - Goto my account-->Click on Login.. 
12:32:09.205 [main] INFO  - Entering email and password.. 
12:32:22.232 [main] INFO  - Goto my account-->Click on Login.. 
12:32:22.722 [main] INFO  - Entering email and password.. 
12:40:50.441 [main] INFO  - Goto my account-->Click on Login.. 
12:40:51.036 [main] INFO  - Entering email and password.. 
12:41:04.519 [main] INFO  - Goto my account-->Click on Login.. 
12:41:05.461 [main] INFO  - Entering email and password.. 
13:10:27.482 [main] INFO  - Goto my account-->Click on Login.. 
13:10:27.886 [main] INFO  - Entering email and password.. 
13:10:41.032 [main] INFO  - Goto my account-->Click on Login.. 
13:10:41.724 [main] INFO  - Entering email and password.. 
13:16:32.328 [main] INFO  - Goto my account-->Click on Login.. 
13:16:32.780 [main] INFO  - Entering email and password.. 
13:16:46.117 [main] INFO  - Goto my account-->Click on Login.. 
13:16:46.868 [main] INFO  - Entering email and password.. 
13:18:26.192 [main] INFO  - Goto my account-->Click on Login.. 
13:18:26.625 [main] INFO  - Entering email and password.. 
13:18:27.290 [main] INFO  - clicked on login button...
13:18:30.056 [main] INFO  - Goto my account-->Click on Login.. 
13:18:30.604 [main] INFO  - Entering email and password.. 
13:18:31.379 [main] INFO  - clicked on login button...
17:02:59.595 [main] INFO  - Goto my account-->Click on Login.. 
17:03:02.578 [main] INFO  - Goto my account-->Click on Login.. 
17:03:05.470 [main] INFO  - Goto my account-->Click on Login.. 
17:05:04.085 [main] INFO  - Goto my account-->Click on Login.. 
17:05:07.858 [main] INFO  - Goto my account-->Click on Login.. 
17:05:11.428 [main] INFO  - Goto my account-->Click on Login.. 
17:05:44.791 [main] INFO  - Goto my account-->Click on Login.. 
17:05:47.596 [main] INFO  - Goto my account-->Click on Login.. 
17:05:51.326 [main] INFO  - Goto my account-->Click on Login.. 
17:11:56.171 [main] INFO  - Goto my account-->Click on Login.. 
17:11:58.996 [main] INFO  - Goto my account-->Click on Login.. 
17:12:02.158 [main] INFO  - Goto my account-->Click on Login.. 
17:21:44.592 [main] INFO  - Goto my account-->Click on Login.. 
17:21:48.244 [main] INFO  - Goto my account-->Click on Login.. 
17:21:51.745 [main] INFO  - Goto my account-->Click on Login.. 
17:22:27.231 [main] INFO  - Goto my account-->Click on Login.. 
17:22:30.080 [main] INFO  - Goto my account-->Click on Login.. 
17:22:33.506 [main] INFO  - Goto my account-->Click on Login.. 
17:24:04.232 [main] INFO  - Goto my account-->Click on Login.. 
17:24:04.982 [main] DEBUG - Parsing relationship: /xl/_rels/workbook.xml.rels
17:24:04.986 [main] DEBUG - Parsing relationship: /xl/worksheets/_rels/sheet1.xml.rels
17:24:04.989 [main] DEBUG - Parsing relationship: /_rels/.rels
17:24:05.218 [main] TRACE - Loading type system org.apache.poi.schemas.ooxml.system.ooxml
17:24:05.222 [main] TRACE - Loading type system org.apache.xmlbeans.metadata.system.sXMLCONFIG
17:24:05.224 [main] TRACE - Loading type system org.apache.xmlbeans.metadata.system.sXMLLANG
17:24:05.224 [main] TRACE - Loading type system org.apache.xmlbeans.metadata.system.sXMLSCHEMA
17:24:05.225 [main] TRACE - Loading type system org.apache.xmlbeans.metadata.system.sXMLTOOLS
17:24:05.227 [main] TRACE - Reading unresolved handles for type system org.apache.xmlbeans.metadata.system.sXMLTOOLS
17:24:05.241 [main] TRACE - Finished loading type system org.apache.xmlbeans.metadata.system.sXMLTOOLS
17:24:05.242 [main] TRACE - Reading unresolved handles for type system org.apache.xmlbeans.metadata.system.sXMLSCHEMA
17:24:05.246 [main] TRACE - Finished loading type system org.apache.xmlbeans.metadata.system.sXMLSCHEMA
17:24:05.247 [main] TRACE - Reading unresolved handles for type system org.apache.xmlbeans.metadata.system.sXMLLANG
17:24:05.249 [main] TRACE - Finished loading type system org.apache.xmlbeans.metadata.system.sXMLLANG
17:24:05.250 [main] TRACE - Reading unresolved handles for type system org.apache.xmlbeans.metadata.system.sXMLCONFIG
17:24:05.251 [main] TRACE - Finished loading type system org.apache.xmlbeans.metadata.system.sXMLCONFIG
17:24:05.252 [main] TRACE - Reading unresolved handles for type system org.apache.poi.schemas.ooxml.system.ooxml
17:24:05.300 [main] TRACE - Finished loading type system org.apache.poi.schemas.ooxml.system.ooxml
17:24:05.301 [main] TRACE - Resolving type for handle themefd26doctype
17:24:05.383 [main] TRACE - Resolving type for handle stylesheet5d8bdoctype
17:24:05.390 [main] TRACE - Resolving type for handle ctstylesheet4257type
17:24:05.396 [main] TRACE - Resolving type for handle ctfonts6623type
17:24:05.402 [main] TRACE - Resolving type for handle ctfont14d8type
17:24:05.406 [main] TRACE - Resolving type for handle ctfills2c6ftype
17:24:05.410 [main] TRACE - Resolving type for handle ctfill550ctype
17:24:05.414 [main] TRACE - Resolving type for handle ctborders0d66type
17:24:05.418 [main] TRACE - Resolving type for handle ctborderf935type
17:24:05.421 [main] TRACE - Resolving type for handle ctcellxfs1322type
17:24:05.427 [main] TRACE - Resolving type for handle ctxf97f7type
17:24:05.430 [main] TRACE - Resolving type for handle ctcellstylexfsa81ftype
17:24:05.433 [main] TRACE - Resolving type for handle ctdxfsb26atype
17:24:05.437 [main] TRACE - Resolving type for handle cttablestyles872ftype
17:24:05.441 [main] TRACE - Resolving type for handle sstf81fdoctype
17:24:05.446 [main] TRACE - Resolving type for handle ctsst44f3type
17:24:05.458 [main] TRACE - Resolving type for handle ctrsta472type
17:24:05.478 [main] DEBUG - using default POIXMLDocumentPart for http://schemas.openxmlformats.org/officeDocument/2006/relationships/printerSettings
17:24:05.480 [main] TRACE - Resolving type for handle workbookec17doctype
17:24:05.485 [main] TRACE - Resolving type for handle ctworkbook83c3type
17:24:05.491 [main] TRACE - Resolving type for handle ctsheets49fdtype
17:24:05.493 [main] TRACE - Resolving type for handle ctsheet4dbetype
17:24:05.496 [main] TRACE - Resolving type for handle strelationshipid1e94type
17:24:05.499 [main] TRACE - Resolving type for handle worksheetf539doctype
17:24:05.505 [main] TRACE - Resolving type for handle ctworksheet530dtype
17:24:05.512 [main] TRACE - Resolving type for handle ctsheetdata8408type
17:24:05.516 [main] TRACE - Resolving type for handle ctrowdd39type
17:24:05.521 [main] TRACE - Resolving type for handle ctcell842btype
17:24:05.529 [main] TRACE - Resolving type for handle stcellrefe4e0type
17:24:05.538 [main] TRACE - Resolving type for handle ctcols627ctype
17:24:05.544 [main] TRACE - Resolving type for handle ctcola95ftype
17:24:05.559 [main] TRACE - Resolving type for handle cthyperlinks6416type
17:24:05.562 [main] TRACE - Resolving type for handle cthyperlink0c85type
17:24:05.569 [main] TRACE - Resolving type for handle stxstringf179type
17:24:05.573 [main] TRACE - Resolving type for handle stcelltypebf95type
17:24:09.992 [main] INFO  - Goto my account-->Click on Login.. 
17:24:10.562 [main] DEBUG - Parsing relationship: /xl/_rels/workbook.xml.rels
17:24:10.565 [main] DEBUG - Parsing relationship: /xl/worksheets/_rels/sheet1.xml.rels
17:24:10.568 [main] DEBUG - Parsing relationship: /_rels/.rels
17:24:10.594 [main] DEBUG - using default POIXMLDocumentPart for http://schemas.openxmlformats.org/officeDocument/2006/relationships/printerSettings
17:24:24.210 [main] INFO  - Goto my account-->Click on Login.. 
17:24:24.746 [main] DEBUG - Parsing relationship: /xl/_rels/workbook.xml.rels
17:24:24.746 [main] DEBUG - Parsing relationship: /xl/worksheets/_rels/sheet1.xml.rels
17:24:24.750 [main] DEBUG - Parsing relationship: /_rels/.rels
17:24:24.773 [main] DEBUG - using default POIXMLDocumentPart for http://schemas.openxmlformats.org/officeDocument/2006/relationships/printerSettings
17:37:55.643 [main] INFO  - Goto my account-->Click on Login.. 
17:37:56.267 [main] DEBUG - Parsing relationship: /xl/_rels/workbook.xml.rels
17:37:56.271 [main] DEBUG - Parsing relationship: /xl/worksheets/_rels/sheet1.xml.rels
17:37:56.273 [main] DEBUG - Parsing relationship: /_rels/.rels
17:37:56.488 [main] TRACE - Loading type system org.apache.poi.schemas.ooxml.system.ooxml
17:37:56.492 [main] TRACE - Loading type system org.apache.xmlbeans.metadata.system.sXMLCONFIG
17:37:56.493 [main] TRACE - Loading type system org.apache.xmlbeans.metadata.system.sXMLLANG
17:37:56.493 [main] TRACE - Loading type system org.apache.xmlbeans.metadata.system.sXMLSCHEMA
17:37:56.494 [main] TRACE - Loading type system org.apache.xmlbeans.metadata.system.sXMLTOOLS
17:37:56.495 [main] TRACE - Reading unresolved handles for type system org.apache.xmlbeans.metadata.system.sXMLTOOLS
17:37:56.509 [main] TRACE - Finished loading type system org.apache.xmlbeans.metadata.system.sXMLTOOLS
17:37:56.510 [main] TRACE - Reading unresolved handles for type system org.apache.xmlbeans.metadata.system.sXMLSCHEMA
17:37:56.514 [main] TRACE - Finished loading type system org.apache.xmlbeans.metadata.system.sXMLSCHEMA
17:37:56.515 [main] TRACE - Reading unresolved handles for type system org.apache.xmlbeans.metadata.system.sXMLLANG
17:37:56.516 [main] TRACE - Finished loading type system org.apache.xmlbeans.metadata.system.sXMLLANG
17:37:56.517 [main] TRACE - Reading unresolved handles for type system org.apache.xmlbeans.metadata.system.sXMLCONFIG
17:37:56.519 [main] TRACE - Finished loading type system org.apache.xmlbeans.metadata.system.sXMLCONFIG
17:37:56.520 [main] TRACE - Reading unresolved handles for type system org.apache.poi.schemas.ooxml.system.ooxml
17:37:56.567 [main] TRACE - Finished loading type system org.apache.poi.schemas.ooxml.system.ooxml
17:37:56.568 [main] TRACE - Resolving type for handle themefd26doctype
17:37:56.650 [main] TRACE - Resolving type for handle stylesheet5d8bdoctype
17:37:56.657 [main] TRACE - Resolving type for handle ctstylesheet4257type
17:37:56.663 [main] TRACE - Resolving type for handle ctfonts6623type
17:37:56.668 [main] TRACE - Resolving type for handle ctfont14d8type
17:37:56.673 [main] TRACE - Resolving type for handle ctfills2c6ftype
17:37:56.676 [main] TRACE - Resolving type for handle ctfill550ctype
17:37:56.680 [main] TRACE - Resolving type for handle ctborders0d66type
17:37:56.685 [main] TRACE - Resolving type for handle ctborderf935type
17:37:56.689 [main] TRACE - Resolving type for handle ctcellxfs1322type
17:37:56.694 [main] TRACE - Resolving type for handle ctxf97f7type
17:37:56.696 [main] TRACE - Resolving type for handle ctcellstylexfsa81ftype
17:37:56.700 [main] TRACE - Resolving type for handle ctdxfsb26atype
17:37:56.704 [main] TRACE - Resolving type for handle cttablestyles872ftype
17:37:56.709 [main] TRACE - Resolving type for handle sstf81fdoctype
17:37:56.714 [main] TRACE - Resolving type for handle ctsst44f3type
17:37:56.728 [main] TRACE - Resolving type for handle ctrsta472type
17:37:56.748 [main] DEBUG - using default POIXMLDocumentPart for http://schemas.openxmlformats.org/officeDocument/2006/relationships/printerSettings
17:37:56.749 [main] TRACE - Resolving type for handle workbookec17doctype
17:37:56.754 [main] TRACE - Resolving type for handle ctworkbook83c3type
17:37:56.761 [main] TRACE - Resolving type for handle ctsheets49fdtype
17:37:56.764 [main] TRACE - Resolving type for handle ctsheet4dbetype
17:37:56.766 [main] TRACE - Resolving type for handle strelationshipid1e94type
17:37:56.770 [main] TRACE - Resolving type for handle worksheetf539doctype
17:37:56.776 [main] TRACE - Resolving type for handle ctworksheet530dtype
17:37:56.782 [main] TRACE - Resolving type for handle ctsheetdata8408type
17:37:56.787 [main] TRACE - Resolving type for handle ctrowdd39type
17:37:56.792 [main] TRACE - Resolving type for handle ctcell842btype
17:37:56.799 [main] TRACE - Resolving type for handle stcellrefe4e0type
17:37:56.808 [main] TRACE - Resolving type for handle ctcols627ctype
17:37:56.814 [main] TRACE - Resolving type for handle ctcola95ftype
17:37:56.829 [main] TRACE - Resolving type for handle cthyperlinks6416type
17:37:56.832 [main] TRACE - Resolving type for handle cthyperlink0c85type
17:37:56.840 [main] TRACE - Resolving type for handle stxstringf179type
17:37:56.843 [main] TRACE - Resolving type for handle stcelltypebf95type
17:38:00.238 [main] INFO  - Goto my account-->Click on Login.. 
17:38:00.846 [main] DEBUG - Parsing relationship: /xl/_rels/workbook.xml.rels
17:38:00.848 [main] DEBUG - Parsing relationship: /xl/worksheets/_rels/sheet1.xml.rels
17:38:00.850 [main] DEBUG - Parsing relationship: /_rels/.rels
17:38:00.872 [main] DEBUG - using default POIXMLDocumentPart for http://schemas.openxmlformats.org/officeDocument/2006/relationships/printerSettings
17:38:14.034 [main] INFO  - Goto my account-->Click on Login.. 
17:38:14.690 [main] DEBUG - Parsing relationship: /xl/_rels/workbook.xml.rels
17:38:14.692 [main] DEBUG - Parsing relationship: /xl/worksheets/_rels/sheet1.xml.rels
17:38:14.695 [main] DEBUG - Parsing relationship: /_rels/.rels
17:38:14.720 [main] DEBUG - using default POIXMLDocumentPart for http://schemas.openxmlformats.org/officeDocument/2006/relationships/printerSettings
17:38:18.404 [main] INFO  - Goto my account-->Click on Login.. 
17:38:18.977 [main] DEBUG - Parsing relationship: /xl/_rels/workbook.xml.rels
17:38:18.979 [main] DEBUG - Parsing relationship: /xl/worksheets/_rels/sheet1.xml.rels
17:38:18.980 [main] DEBUG - Parsing relationship: /_rels/.rels
17:38:18.994 [main] DEBUG - using default POIXMLDocumentPart for http://schemas.openxmlformats.org/officeDocument/2006/relationships/printerSettings
17:38:32.074 [main] INFO  - Goto my account-->Click on Login.. 
17:38:32.731 [main] DEBUG - Parsing relationship: /xl/_rels/workbook.xml.rels
17:38:32.734 [main] DEBUG - Parsing relationship: /xl/worksheets/_rels/sheet1.xml.rels
17:38:32.736 [main] DEBUG - Parsing relationship: /_rels/.rels
17:38:32.756 [main] DEBUG - using default POIXMLDocumentPart for http://schemas.openxmlformats.org/officeDocument/2006/relationships/printerSettings
